Build started 12/17/2013 7:50:44 PM.
     1>Project "C:\Program Files (x86)\Steam\steamapps\sourcemods\HALFLIFE2SPMOD\src\game\server\server_episodic-2005.vcxproj" on node 3 (build target(s)).
     1>InitializeBuildStatus:
         Creating ".\Release_episodic\Server Episodic.unsuccessfulbuild" because "AlwaysCreate" was specified.
       ClCompile:
         c:\Program Files (x86)\Microsoft Visual Studio 10.0\VC\bin\CL.exe /c /I..\..\common /I..\..\public /I..\..\public\tier0 /I..\..\public\tier1 /I.\ /I..\..\game\shared /I..\..\utils\common /I..\..\game\shared\hl2 /I..\..\game\shared\episodic /I.\hl2 /I.\episodic /Zi /nologo /W4 /WX- /O2 /Ob2 /Oi /Ot /Oy- /D WIN32 /D _WIN32 /D NDEBUG /D _WINDOWS /D _USRDLL /D _CRT_SECURE_NO_DEPRECATE /D _CRT_NONSTDC_NO_DEPRECATE /D GAME_DLL /D VECTOR /D VERSION_SAFE_STEAM_API_INTERFACES /D PROTECTED_THINGS_ENABLE /D fopen=dont_use_fopen /D sprintf=use_Q_snprintf_instead_of_sprintf /D strncpy=use_Q_strncpy_instead /D _snprintf=use_Q_snprintf_instead /D HL2_DLL /D HL2_EPISODIC /D SP_SDK /D USES_SAVERESTORE /D _WINDLL /D _MBCS /GF /Gm- /MT /GS- /Gy /fp:fast /Zc:wchar_t /Zc:forScope /GR /Yc"cbase.h" /Fp".\Release_episodic\server.pch" /Fo".\Release_episodic\\" /Fd".\Release_episodic\vc100.pdb" /Gd /TP /analyze- /errorReport:prompt stdafx.cpp
         stdafx.cpp
         c:\Program Files (x86)\Microsoft Visual Studio 10.0\VC\bin\CL.exe /c /I..\..\common /I..\..\public /I..\..\public\tier0 /I..\..\public\tier1 /I.\ /I..\..\game\shared /I..\..\utils\common /I..\..\game\shared\hl2 /I..\..\game\shared\episodic /I.\hl2 /I.\episodic /Zi /nologo /W4 /WX- /O2 /Ob2 /Oi /Ot /Oy- /D WIN32 /D _WIN32 /D NDEBUG /D _WINDOWS /D _USRDLL /D _CRT_SECURE_NO_DEPRECATE /D _CRT_NONSTDC_NO_DEPRECATE /D GAME_DLL /D VECTOR /D VERSION_SAFE_STEAM_API_INTERFACES /D PROTECTED_THINGS_ENABLE /D fopen=dont_use_fopen /D sprintf=use_Q_snprintf_instead_of_sprintf /D strncpy=use_Q_strncpy_instead /D _snprintf=use_Q_snprintf_instead /D HL2_DLL /D HL2_EPISODIC /D SP_SDK /D USES_SAVERESTORE /D _WINDLL /D _MBCS /GF /Gm- /MT /GS- /Gy /fp:fast /Zc:wchar_t /Zc:forScope /GR /Yu"cbase.h" /Fp".\Release_episodic\server.pch" /Fo".\Release_episodic\\" /Fd".\Release_episodic\vc100.pdb" /Gd /TP /analyze- /errorReport:prompt ..\shared\achievement_saverestore.cpp ..\shared\achievementmgr.cpp ..\shared\achievements_hlx.cpp ..\shared\activitylist.cpp ai_activity.cpp ai_baseactor.cpp ai_basehumanoid.cpp ai_basenpc.cpp ai_basenpc_flyer.cpp ai_basenpc_flyer_new.cpp ai_basenpc_movement.cpp ai_basenpc_physicsflyer.cpp ai_basenpc_schedule.cpp ai_basenpc_squad.cpp ai_behavior.cpp ai_behavior_assault.cpp ai_behavior_fear.cpp ai_behavior_follow.cpp ai_behavior_lead.cpp ai_behavior_rappel.cpp ai_behavior_standoff.cpp ai_blended_movement.cpp ai_concommands.cpp ai_condition.cpp AI_Criteria.cpp ai_default.cpp ai_dynamiclink.cpp ai_event.cpp ai_eventresponse.cpp ai_goalentity.cpp ai_hint.cpp ai_hull.cpp ai_initutils.cpp AI_Interest_Target.cpp ai_link.cpp ai_localnavigator.cpp ai_looktarget.cpp ai_memory.cpp ai_motor.cpp ai_moveprobe.cpp ai_moveshoot.cpp ai_movesolver.cpp ai_namespaces.cpp ai_navigator.cpp ai_network.cpp ai_networkmanager.cpp ai_node.cpp ai_pathfinder.cpp ai_planesolver.cpp ai_playerally.cpp ai_relationship.cpp AI_ResponseSystem.cpp ai_route.cpp ai_saverestore.cpp ai_schedule.cpp ai_scriptconditions.cpp ai_senses.cpp ai_sentence.cpp ai_speech.cpp ai_speechfilter.cpp ai_squad.cpp ai_squadslot.cpp ai_tacticalservices.cpp ai_task.cpp ai_trackpather.cpp ai_utils.cpp ai_waypoint.cpp ..\shared\ammodef.cpp ..\shared\animation.cpp base_gameinterface.cpp ..\shared\base_playeranimstate.cpp base_transmit_proxy.cpp ..\shared\baseachievement.cpp baseanimating.cpp BaseAnimatingOverlay.cpp basecombatcharacter.cpp ..\shared\basecombatcharacter_shared.cpp basecombatweapon.cpp ..\shared\basecombatweapon_shared.cpp baseentity.cpp ..\shared\baseentity_shared.cpp baseflex.cpp basegrenade_concussion.cpp basegrenade_contact.cpp ..\shared\basegrenade_shared.cpp basegrenade_timed.cpp basemultiplayerplayer.cpp ..\shared\baseparticleentity.cpp ..\shared\baseplayer_shared.cpp baseviewmodel.cpp ..\shared\baseviewmodel_shared.cpp ..\shared\beam_shared.cpp bitstring.cpp bmodels.cpp buttons.cpp cbase.cpp client.cpp ..\shared\collisionproperty.cpp colorcorrection.cpp colorcorrectionvolume.cpp CommentarySystem.cpp controlentities.cpp cplane.cpp CRagdollMagnet.cpp damagemodifier.cpp ..\shared\death_pose.cpp ..\shared\debugoverlay_shared.cpp ..\shared\decals.cpp doors.cpp dynamiclight.cpp ..\shared\effect_dispatch_data.cpp effects.cpp EffectsServer.cpp ..\shared\ehandle.cpp entityblocker.cpp EntityDissolve.cpp EntityFlame.cpp entitylist.cpp ..\shared\entitylist_base.cpp EntityParticleTrail.cpp ..\shared\EntityParticleTrail_Shared.cpp env_debughistory.cpp ..\shared\env_detail_controller.cpp env_effectsscript.cpp env_entity_maker.cpp env_particlescript.cpp env_player_surface_trigger.cpp env_projectedtexture.cpp env_screenoverlay.cpp env_texturetoggle.cpp env_tonemap_controller.cpp ..\shared\env_wind_shared.cpp env_zoom.cpp EnvBeam.cpp EnvFade.cpp EnvHudHint.cpp EnvLaser.cpp EnvMessage.cpp envmicrophone.cpp EnvShake.cpp EnvSpark.cpp ..\shared\eventlist.cpp EventLog.cpp explode.cpp filters.cpp fire.cpp fire_smoke.cpp fish.cpp fogcontroller.cpp fourwheelvehiclephysics.cpp func_areaportal.cpp func_areaportalbase.cpp func_areaportalwindow.cpp func_break.cpp func_breakablesurf.cpp func_dust.cpp ..\shared\func_ladder.cpp func_ladder_endpoint.cpp func_lod.cpp func_movelinear.cpp func_occluder.cpp func_reflective_glass.cpp func_smokevolume.cpp game.cpp game_ui.cpp gameinterface.cpp ..\shared\gamemovement.cpp ..\shared\gamerules.cpp ..\shared\gamerules_register.cpp ..\shared\GameStats.cpp ..\shared\gamestringpool.cpp gametrace_dll.cpp ..\shared\gamevars_shared.cpp gameweaponmanager.cpp genericactor.cpp genericmonster.cpp gib.cpp globals.cpp globalstate.cpp grenadethrown.cpp guntarget.cpp h_ai.cpp h_cycler.cpp hierarchy.cpp ..\shared\hintmessage.cpp ..\shared\hintsystem.cpp hltvdirector.cpp ..\shared\igamesystem.cpp info_camera_link.cpp info_overlay_accessor.cpp intermission.cpp item_world.cpp lightglow.cpp lights.cpp logic_achievement.cpp logic_measure_movement.cpp logic_navigation.cpp logicauto.cpp logicentities.cpp logicrelay.cpp mapentities.cpp ..\shared\mapentities_shared.cpp maprules.cpp MaterialModifyControl.cpp message_entity.cpp modelentities.cpp ..\shared\ModelSoundsCache.cpp monstermaker.cpp movehelper_server.cpp movement.cpp ..\shared\movevars_shared.cpp ..\shared\mp_shareddefs.cpp ..\shared\multiplay_gamerules.cpp nav_area.cpp nav_colors.cpp nav_edit.cpp nav_file.cpp nav_generate.cpp nav_ladder.cpp nav_mesh.cpp nav_node.cpp ndebugoverlay.cpp npc_vehicledriver.cpp ..\shared\obstacle_pushaway.cpp particle_light.cpp ..\shared\particle_parse.cpp particle_system.cpp ..\shared\particlesystemquery.cpp pathcorner.cpp pathtrack.cpp phys_controller.cpp physconstraint.cpp physics.cpp physics_bone_follower.cpp physics_cannister.cpp physics_fx.cpp physics_impact_damage.cpp physics_main.cpp ..\shared\physics_main_shared.cpp physics_npc_solver.cpp physics_prop_ragdoll.cpp ..\shared\physics_saverestore.cpp ..\shared\physics_shared.cpp physobj.cpp player.cpp player_command.cpp player_lagcompensation.cpp player_pickup.cpp player_resource.cpp playerinfomanager.cpp playerlocaldata.cpp plugin_check.cpp ..\shared\point_bonusmaps_accessor.cpp point_camera.cpp point_devshot_camera.cpp point_playermoveconstraint.cpp ..\shared\point_posecontroller.cpp point_spotlight.cpp point_template.cpp pointanglesensor.cpp PointAngularVelocitySensor.cpp pointhurt.cpp pointteleport.cpp ..\shared\precache_register.cpp ..\shared\predictableid.cpp props.cpp ..\shared\props_shared.cpp ragdoll_manager.cpp ..\shared\ragdoll_shared.cpp RagdollBoogie.cpp recipientfilter.cpp rope.cpp ..\shared\rope_helpers.cpp ..\shared\saverestore.cpp saverestore_gamedll.cpp ..\shared\SceneCache.cpp sceneentity.cpp ..\shared\sceneentity_shared.cpp scratchpad_gamedll_helpers.cpp scripted.cpp scriptedtarget.cpp sendproxy.cpp ..\shared\sequence_Transitioner.cpp serverbenchmark_base.cpp ServerNetworkProperty.cpp shadowcontrol.cpp ..\shared\simtimer.cpp ..\shared\singleplay_gamerules.cpp SkyCamera.cpp slideshow_display.cpp sound.cpp ..\shared\SoundEmitterSystem.cpp soundent.cpp ..\shared\soundenvelope.cpp ..\..\public\SoundParametersInternal.cpp soundscape.cpp soundscape_system.cpp spotlightend.cpp ..\shared\Sprite.cpp sprite_perfmonitor.cpp ..\shared\studio_shared.cpp subs.cpp sun.cpp ..\shared\hl2\survival_gamerules.cpp ..\shared\takedamageinfo.cpp tanktrain.cpp team.cpp team_spawnpoint.cpp ..\shared\teamplay_gamerules.cpp TemplateEntities.cpp tempmonster.cpp tesla.cpp ..\shared\test_ehandle.cpp test_proxytoggle.cpp test_stressentities.cpp testfunctions.cpp testtraceline.cpp textstatsmgr.cpp timedeventmgr.cpp trains.cpp triggers.cpp ..\shared\usercmd.cpp util.cpp ..\shared\util_shared.cpp variant_t.cpp vehicle_base.cpp vehicle_baseserver.cpp vehicle_choreo_generic.cpp ..\shared\vehicle_viewblend_shared.cpp vguiscreen.cpp ..\shared\voice_gamemgr.cpp waterbullet.cpp WaterLODControl.cpp wcedit.cpp ..\shared\weapon_parse.cpp ..\shared\weapon_parse_default.cpp ..\shared\weapon_proficiency.cpp weight_button.cpp world.cpp basetempentity.cpp event_tempentity_tester.cpp movie_explosion.cpp particle_fire.cpp particle_smokegrenade.cpp plasma.cpp smoke_trail.cpp smokestack.cpp ..\shared\SpriteTrail.cpp steamjet.cpp te.cpp te_armorricochet.cpp te_basebeam.cpp te_beamentpoint.cpp te_beaments.cpp te_beamfollow.cpp te_beamlaser.cpp te_beampoints.cpp te_beamring.cpp te_beamringpoint.cpp te_beamspline.cpp te_bloodsprite.cpp te_bloodstream.cpp te_breakmodel.cpp te_bspdecal.cpp te_bubbles.cpp te_bubbletrail.cpp te_clientprojectile.cpp te_decal.cpp te_dynamiclight.cpp te_effect_dispatch.cpp te_energysplash.cpp te_explosion.cpp te_fizz.cpp te_footprintdecal.cpp hl2\te_gaussexplosion.cpp te_glassshatter.cpp te_glowsprite.cpp te_impact.cpp te_killplayerattachments.cpp te_largefunnel.cpp te_muzzleflash.cpp te_particlesystem.cpp te_physicsprop.cpp te_playerdecal.cpp te_projecteddecal.cpp te_showline.cpp te_smoke.cpp te_sparks.cpp te_sprite.cpp te_spritespray.cpp te_worlddecal.cpp ..\shared\usermessages.cpp hl2\ai_allymanager.cpp hl2\ai_behavior_actbusy.cpp episodic\ai_behavior_alyx_injured.cpp hl2\ai_behavior_functank.cpp hl2\ai_behavior_holster.cpp hl2\ai_behavior_operator.cpp ai_behavior_passenger.cpp episodic\ai_behavior_passenger_companion.cpp episodic\ai_behavior_passenger_zombie.cpp hl2\ai_behavior_police.cpp hl2\ai_goal_police.cpp hl2\ai_spotlight.cpp hl2\antlion_dust.cpp hl2\antlion_maker.cpp hl2\ar2_explosion.cpp basebludgeonweapon.cpp hl2\basehlcombatweapon.cpp ..\shared\hl2\basehlcombatweapon_shared.cpp hl2\cbasehelicopter.cpp hl2\cbasespriteprojectile.cpp hl2\citadel_effects.cpp hl2\combine_mine.cpp hl2\env_alyxemp.cpp hl2\env_headcrabcanister.cpp ..\shared\hl2\env_headcrabcanister_shared.cpp hl2\env_speaker.cpp hl2\env_starfield.cpp hl2\func_bulletshield.cpp hl2\Func_Monitor.cpp hl2\func_recharge.cpp hl2\func_tank.cpp hl2\grenade_ar2.cpp hl2\grenade_bugbait.cpp hl2\grenade_frag.cpp hl2\grenade_spit.cpp hl2\hl2_ai_network.cpp hl2\hl2_client.cpp hl2\hl2_eventlog.cpp ..\shared\hl2\hl2_gamerules.cpp hl2\hl2_player.cpp hl2\hl2_playerlocaldata.cpp hl2\hl2_triggers.cpp ..\shared\hl2\hl2_usermessages.cpp ..\shared\hl2\hl_gamemovement.cpp hl2\hl_playermove.cpp hl2\info_darknessmode_lightsource.cpp hl2\info_teleporter_countdown.cpp hl2\item_ammo.cpp hl2\item_battery.cpp hl2\item_dynamic_resupply.cpp hl2\item_healthkit.cpp hl2\item_itemcrate.cpp hl2\item_suit.cpp hl2\look_door.cpp hl2\monster_dummy.cpp episodic\npc_advisor.cpp hl2\npc_alyx_episodic.cpp hl2\npc_antlion.cpp hl2\npc_antliongrub.cpp hl2\npc_antlionguard.cpp hl2\npc_apcdriver.cpp hl2\npc_attackchopper.cpp hl2\npc_barnacle.cpp hl2\npc_barney.cpp hl2\npc_basescanner.cpp hl2\npc_BaseZombie.cpp hl2\npc_breen.cpp hl2\npc_bullseye.cpp hl2\npc_citizen17.cpp hl2\npc_combine.cpp episodic\npc_combine_cannon.cpp hl2\npc_combinecamera.cpp hl2\npc_combinedropship.cpp hl2\npc_combinegunship.cpp hl2\npc_combines.cpp hl2\npc_cranedriver.cpp hl2\npc_crow.cpp hl2\npc_dog.cpp hl2\npc_eli.cpp hl2\npc_enemyfinder.cpp hl2\npc_fastzombie.cpp hl2\npc_fisherman.cpp hl2\npc_gman.cpp hl2\npc_headcrab.cpp episodic\npc_hunter.cpp hl2\npc_ichthyosaur.cpp hl2\npc_kleiner.cpp hl2\npc_launcher.cpp episodic\npc_magnusson.cpp hl2\npc_manhack.cpp hl2\npc_metropolice.cpp hl2\npc_monk.cpp hl2\npc_mossman.cpp hl2\npc_playercompanion.cpp hl2\npc_PoisonZombie.cpp episodic\npc_puppet.cpp hl2\npc_rollermine.cpp hl2\npc_scanner.cpp hl2\npc_stalker.cpp hl2\npc_strider.cpp npc_talker.cpp hl2\npc_turret_ceiling.cpp hl2\npc_turret_floor.cpp hl2\npc_turret_ground.cpp hl2\npc_vortigaunt_episodic.cpp hl2\npc_zombie.cpp hl2\npc_zombine.cpp hl2\point_apc_controller.cpp hl2\prop_combine_ball.cpp episodic\prop_scalable.cpp hl2\prop_thumper.cpp hl2\proto_sniper.cpp hl2\rotorwash.cpp hl2\script_intro.cpp ..\shared\script_intro_shared.cpp hl2\vehicle_airboat.cpp hl2\vehicle_cannon.cpp hl2\vehicle_crane.cpp episodic\vehicle_hl2buggy.cpp hl2\vehicle_jeep.cpp episodic\vehicle_jeep_episodic.cpp hl2\vehicle_prisoner_pod.cpp hl2\vehicle_viewcontroller.cpp hl2\weapon_357.cpp hl2\weapon_alyxgun.cpp hl2\weapon_annabelle.cpp hl2\weapon_ar2.cpp hl2\weapon_bugbait.cpp hl2\weapon_citizenpackage.cpp hl2\weapon_crossbow.cpp hl2\weapon_crowbar.cpp weapon_cubemap.cpp hl2\weapon_frag.cpp hl2\weapon_physcannon.cpp hl2\weapon_pistol.cpp hl2\weapon_rpg.cpp hl2\weapon_shotgun.cpp hl2\weapon_smg1.cpp episodic\weapon_striderbuster.cpp hl2\weapon_stunstick.cpp hl2\grenade_beam.cpp hl2\grenade_homer.cpp hl2\grenade_pathfollower.cpp hl2\npc_missiledefense.cpp hl2\vehicle_apc.cpp hl2\weapon_cguard.cpp hl2\weapon_flaregun.cpp entity_tools_server.cpp toolframework_server.cpp
         achievement_saverestore.cpp
         achievementmgr.cpp
         achievements_hlx.cpp
         activitylist.cpp
         ai_activity.cpp
         ai_baseactor.cpp
         ai_basehumanoid.cpp
         ai_basenpc.cpp
         ai_basenpc_flyer.cpp
         ai_basenpc_flyer_new.cpp
         ai_basenpc_movement.cpp
         ai_basenpc_physicsflyer.cpp
         ai_basenpc_schedule.cpp
         ai_basenpc_squad.cpp
         ai_behavior.cpp
         ai_behavior_assault.cpp
         ai_behavior_fear.cpp
         ai_behavior_follow.cpp
         ai_behavior_lead.cpp
         ai_behavior_rappel.cpp
         Generating Code...
         Compiling...
         ai_behavior_standoff.cpp
         ai_blended_movement.cpp
         ai_concommands.cpp
         ai_condition.cpp
         AI_Criteria.cpp
         ai_default.cpp
         ai_dynamiclink.cpp
         ai_event.cpp
         ai_eventresponse.cpp
         ai_goalentity.cpp
         ai_hint.cpp
         ai_hull.cpp
         ai_initutils.cpp
         AI_Interest_Target.cpp
         ai_link.cpp
         ai_localnavigator.cpp
         ai_looktarget.cpp
         ai_memory.cpp
         ai_motor.cpp
         ai_moveprobe.cpp
         Generating Code...
         Compiling...
         ai_moveshoot.cpp
         ai_movesolver.cpp
         ai_namespaces.cpp
         ai_navigator.cpp
         ai_network.cpp
         ai_networkmanager.cpp
         ai_node.cpp
         ai_pathfinder.cpp
         ai_planesolver.cpp
         ai_playerally.cpp
         ai_relationship.cpp
         AI_ResponseSystem.cpp
         ai_route.cpp
         ai_saverestore.cpp
         ai_schedule.cpp
         ai_scriptconditions.cpp
         ai_senses.cpp
         ai_sentence.cpp
         ai_speech.cpp
         ai_speechfilter.cpp
         Generating Code...
         Compiling...
         ai_squad.cpp
         ai_squadslot.cpp
         ai_tacticalservices.cpp
         ai_task.cpp
         ai_trackpather.cpp
         ai_utils.cpp
         ai_waypoint.cpp
         ammodef.cpp
         animation.cpp
         base_gameinterface.cpp
         base_playeranimstate.cpp
         base_transmit_proxy.cpp
         baseachievement.cpp
         baseanimating.cpp
         BaseAnimatingOverlay.cpp
         basecombatcharacter.cpp
         basecombatcharacter_shared.cpp
         basecombatweapon.cpp
         basecombatweapon_shared.cpp
         baseentity.cpp
         Generating Code...
         Compiling...
         baseentity_shared.cpp
         baseflex.cpp
         basegrenade_concussion.cpp
         basegrenade_contact.cpp
         basegrenade_shared.cpp
         basegrenade_timed.cpp
         basemultiplayerplayer.cpp
         baseparticleentity.cpp
         baseplayer_shared.cpp
         baseviewmodel.cpp
         baseviewmodel_shared.cpp
         beam_shared.cpp
         bitstring.cpp
         bmodels.cpp
         buttons.cpp
         cbase.cpp
         client.cpp
         collisionproperty.cpp
         colorcorrection.cpp
         colorcorrectionvolume.cpp
         Generating Code...
         Compiling...
         CommentarySystem.cpp
         controlentities.cpp
         cplane.cpp
         CRagdollMagnet.cpp
         damagemodifier.cpp
         death_pose.cpp
         debugoverlay_shared.cpp
         decals.cpp
         doors.cpp
         dynamiclight.cpp
         effect_dispatch_data.cpp
         effects.cpp
         EffectsServer.cpp
         ehandle.cpp
         entityblocker.cpp
         EntityDissolve.cpp
         EntityFlame.cpp
         entitylist.cpp
         entitylist_base.cpp
         EntityParticleTrail.cpp
         Generating Code...
         Compiling...
         EntityParticleTrail_Shared.cpp
         env_debughistory.cpp
         env_detail_controller.cpp
         env_effectsscript.cpp
         env_entity_maker.cpp
         env_particlescript.cpp
         env_player_surface_trigger.cpp
         env_projectedtexture.cpp
         env_screenoverlay.cpp
         env_texturetoggle.cpp
         env_tonemap_controller.cpp
         env_wind_shared.cpp
         env_zoom.cpp
         EnvBeam.cpp
         EnvFade.cpp
         EnvHudHint.cpp
         EnvLaser.cpp
         EnvMessage.cpp
         envmicrophone.cpp
         EnvShake.cpp
         Generating Code...
         Compiling...
         EnvSpark.cpp
         eventlist.cpp
         EventLog.cpp
         explode.cpp
         filters.cpp
         fire.cpp
         fire_smoke.cpp
         fish.cpp
         fogcontroller.cpp
         fourwheelvehiclephysics.cpp
         func_areaportal.cpp
         func_areaportalbase.cpp
         func_areaportalwindow.cpp
         func_break.cpp
         func_breakablesurf.cpp
         func_dust.cpp
         func_ladder.cpp
         func_ladder_endpoint.cpp
         func_lod.cpp
         func_movelinear.cpp
         Generating Code...
         Compiling...
         func_occluder.cpp
         func_reflective_glass.cpp
         func_smokevolume.cpp
         game.cpp
         game_ui.cpp
         gameinterface.cpp
         gamemovement.cpp
         gamerules.cpp
         gamerules_register.cpp
         GameStats.cpp
         gamestringpool.cpp
         gametrace_dll.cpp
         gamevars_shared.cpp
         gameweaponmanager.cpp
         genericactor.cpp
         genericmonster.cpp
         gib.cpp
         globals.cpp
         globalstate.cpp
         grenadethrown.cpp
         Generating Code...
         Compiling...
         guntarget.cpp
         h_ai.cpp
         h_cycler.cpp
         hierarchy.cpp
         hintmessage.cpp
         hintsystem.cpp
         hltvdirector.cpp
         igamesystem.cpp
         info_camera_link.cpp
         info_overlay_accessor.cpp
         intermission.cpp
         item_world.cpp
         lightglow.cpp
         lights.cpp
         logic_achievement.cpp
         logic_measure_movement.cpp
         logic_navigation.cpp
         logicauto.cpp
         logicentities.cpp
         logicrelay.cpp
         Generating Code...
         Compiling...
         mapentities.cpp
         mapentities_shared.cpp
         maprules.cpp
         MaterialModifyControl.cpp
         message_entity.cpp
         modelentities.cpp
         ModelSoundsCache.cpp
         monstermaker.cpp
         movehelper_server.cpp
         movement.cpp
         movevars_shared.cpp
         mp_shareddefs.cpp
         multiplay_gamerules.cpp
         nav_area.cpp
         nav_colors.cpp
         nav_edit.cpp
         nav_file.cpp
         nav_generate.cpp
         nav_ladder.cpp
         nav_mesh.cpp
         Generating Code...
         Compiling...
         nav_node.cpp
         ndebugoverlay.cpp
         npc_vehicledriver.cpp
         obstacle_pushaway.cpp
         particle_light.cpp
         particle_parse.cpp
         particle_system.cpp
         particlesystemquery.cpp
         pathcorner.cpp
         pathtrack.cpp
         phys_controller.cpp
         physconstraint.cpp
         physics.cpp
         physics_bone_follower.cpp
         physics_cannister.cpp
         physics_fx.cpp
         physics_impact_damage.cpp
         physics_main.cpp
         physics_main_shared.cpp
         physics_npc_solver.cpp
         Generating Code...
         Compiling...
         physics_prop_ragdoll.cpp
         physics_saverestore.cpp
         physics_shared.cpp
         physobj.cpp
         player.cpp
         player_command.cpp
         player_lagcompensation.cpp
         player_pickup.cpp
         player_resource.cpp
         playerinfomanager.cpp
         playerlocaldata.cpp
         plugin_check.cpp
         point_bonusmaps_accessor.cpp
         point_camera.cpp
         point_devshot_camera.cpp
         point_playermoveconstraint.cpp
         point_posecontroller.cpp
         point_spotlight.cpp
         point_template.cpp
         pointanglesensor.cpp
         Generating Code...
         Compiling...
         PointAngularVelocitySensor.cpp
         pointhurt.cpp
         pointteleport.cpp
         precache_register.cpp
         predictableid.cpp
         props.cpp
         props_shared.cpp
         ragdoll_manager.cpp
         ragdoll_shared.cpp
         RagdollBoogie.cpp
         recipientfilter.cpp
         rope.cpp
         rope_helpers.cpp
         saverestore.cpp
         saverestore_gamedll.cpp
         SceneCache.cpp
         sceneentity.cpp
         sceneentity_shared.cpp
         scratchpad_gamedll_helpers.cpp
         scripted.cpp
         Generating Code...
         Compiling...
         scriptedtarget.cpp
         sendproxy.cpp
         sequence_Transitioner.cpp
         serverbenchmark_base.cpp
         ServerNetworkProperty.cpp
         shadowcontrol.cpp
         simtimer.cpp
         singleplay_gamerules.cpp
         SkyCamera.cpp
         slideshow_display.cpp
         sound.cpp
         SoundEmitterSystem.cpp
         soundent.cpp
         soundenvelope.cpp
         SoundParametersInternal.cpp
         soundscape.cpp
         soundscape_system.cpp
         spotlightend.cpp
         Sprite.cpp
         sprite_perfmonitor.cpp
         Generating Code...
         Compiling...
         studio_shared.cpp
         subs.cpp
         sun.cpp
         survival_gamerules.cpp
         takedamageinfo.cpp
         tanktrain.cpp
         team.cpp
         team_spawnpoint.cpp
         teamplay_gamerules.cpp
         TemplateEntities.cpp
         tempmonster.cpp
         tesla.cpp
         test_ehandle.cpp
         test_proxytoggle.cpp
         test_stressentities.cpp
         testfunctions.cpp
         testtraceline.cpp
         textstatsmgr.cpp
         timedeventmgr.cpp
         trains.cpp
         Generating Code...
         Compiling...
         triggers.cpp
         usercmd.cpp
         util.cpp
         util_shared.cpp
         variant_t.cpp
         vehicle_base.cpp
         vehicle_baseserver.cpp
         vehicle_choreo_generic.cpp
         vehicle_viewblend_shared.cpp
         vguiscreen.cpp
         voice_gamemgr.cpp
         waterbullet.cpp
         WaterLODControl.cpp
         wcedit.cpp
         weapon_parse.cpp
         weapon_parse_default.cpp
         weapon_proficiency.cpp
         weight_button.cpp
         world.cpp
         basetempentity.cpp
         Generating Code...
         Compiling...
         event_tempentity_tester.cpp
         movie_explosion.cpp
         particle_fire.cpp
         particle_smokegrenade.cpp
         plasma.cpp
         smoke_trail.cpp
         smokestack.cpp
         SpriteTrail.cpp
         steamjet.cpp
         te.cpp
         te_armorricochet.cpp
         te_basebeam.cpp
         te_beamentpoint.cpp
         te_beaments.cpp
         te_beamfollow.cpp
         te_beamlaser.cpp
         te_beampoints.cpp
         te_beamring.cpp
         te_beamringpoint.cpp
         te_beamspline.cpp
         Generating Code...
         Compiling...
         te_bloodsprite.cpp
         te_bloodstream.cpp
         te_breakmodel.cpp
         te_bspdecal.cpp
         te_bubbles.cpp
         te_bubbletrail.cpp
         te_clientprojectile.cpp
         te_decal.cpp
         te_dynamiclight.cpp
         te_effect_dispatch.cpp
         te_energysplash.cpp
         te_explosion.cpp
         te_fizz.cpp
         te_footprintdecal.cpp
         te_gaussexplosion.cpp
         te_glassshatter.cpp
         te_glowsprite.cpp
         te_impact.cpp
         te_killplayerattachments.cpp
         te_largefunnel.cpp
         Generating Code...
         Compiling...
         te_muzzleflash.cpp
         te_particlesystem.cpp
         te_physicsprop.cpp
         te_playerdecal.cpp
         te_projecteddecal.cpp
         te_showline.cpp
         te_smoke.cpp
         te_sparks.cpp
         te_sprite.cpp
         te_spritespray.cpp
         te_worlddecal.cpp
         usermessages.cpp
         ai_allymanager.cpp
         ai_behavior_actbusy.cpp
         ai_behavior_alyx_injured.cpp
         ai_behavior_functank.cpp
         ai_behavior_holster.cpp
         ai_behavior_operator.cpp
         ai_behavior_passenger.cpp
         ai_behavior_passenger_companion.cpp
         Generating Code...
         Compiling...
         ai_behavior_passenger_zombie.cpp
         ai_behavior_police.cpp
         ai_goal_police.cpp
         ai_spotlight.cpp
         antlion_dust.cpp
         antlion_maker.cpp
         ar2_explosion.cpp
         basebludgeonweapon.cpp
         basehlcombatweapon.cpp
         basehlcombatweapon_shared.cpp
         cbasehelicopter.cpp
         cbasespriteprojectile.cpp
         citadel_effects.cpp
         combine_mine.cpp
         env_alyxemp.cpp
         env_headcrabcanister.cpp
         env_headcrabcanister_shared.cpp
         env_speaker.cpp
         env_starfield.cpp
         func_bulletshield.cpp
         Generating Code...
         Compiling...
         Func_Monitor.cpp
         func_recharge.cpp
         func_tank.cpp
         grenade_ar2.cpp
         grenade_bugbait.cpp
         grenade_frag.cpp
         grenade_spit.cpp
         hl2_ai_network.cpp
         hl2_client.cpp
         hl2_eventlog.cpp
         hl2_gamerules.cpp
         hl2_player.cpp
         hl2_playerlocaldata.cpp
         hl2_triggers.cpp
         hl2_usermessages.cpp
         hl_gamemovement.cpp
         hl_playermove.cpp
         info_darknessmode_lightsource.cpp
         info_teleporter_countdown.cpp
         item_ammo.cpp
         Generating Code...
         Compiling...
         item_battery.cpp
         item_dynamic_resupply.cpp
         item_healthkit.cpp
         item_itemcrate.cpp
         item_suit.cpp
         look_door.cpp
         monster_dummy.cpp
         npc_advisor.cpp
         npc_alyx_episodic.cpp
         npc_antlion.cpp
         npc_antliongrub.cpp
         npc_antlionguard.cpp
         npc_apcdriver.cpp
         npc_attackchopper.cpp
         npc_barnacle.cpp
         npc_barney.cpp
         npc_basescanner.cpp
         npc_BaseZombie.cpp
         npc_breen.cpp
         npc_bullseye.cpp
         Generating Code...
         Compiling...
         npc_citizen17.cpp
         npc_combine.cpp
         npc_combine_cannon.cpp
         npc_combinecamera.cpp
         npc_combinedropship.cpp
         npc_combinegunship.cpp
         npc_combines.cpp
         npc_cranedriver.cpp
         npc_crow.cpp
         npc_dog.cpp
         npc_eli.cpp
         npc_enemyfinder.cpp
         npc_fastzombie.cpp
         npc_fisherman.cpp
         npc_gman.cpp
         npc_headcrab.cpp
         npc_hunter.cpp
         npc_ichthyosaur.cpp
         npc_kleiner.cpp
         npc_launcher.cpp
         Generating Code...
         Compiling...
         npc_magnusson.cpp
         npc_manhack.cpp
         npc_metropolice.cpp
         npc_monk.cpp
         npc_mossman.cpp
         npc_playercompanion.cpp
         npc_PoisonZombie.cpp
         npc_puppet.cpp
         npc_rollermine.cpp
         npc_scanner.cpp
         npc_stalker.cpp
         npc_strider.cpp
         npc_talker.cpp
         npc_turret_ceiling.cpp
         npc_turret_floor.cpp
         npc_turret_ground.cpp
         npc_vortigaunt_episodic.cpp
         npc_zombie.cpp
         npc_zombine.cpp
         point_apc_controller.cpp
         Generating Code...
         Compiling...
         prop_combine_ball.cpp
         prop_scalable.cpp
         prop_thumper.cpp
         proto_sniper.cpp
         rotorwash.cpp
         script_intro.cpp
         script_intro_shared.cpp
         vehicle_airboat.cpp
         vehicle_cannon.cpp
         vehicle_crane.cpp
         vehicle_hl2buggy.cpp
         vehicle_jeep.cpp
         vehicle_jeep_episodic.cpp
         vehicle_prisoner_pod.cpp
         vehicle_viewcontroller.cpp
         weapon_357.cpp
         weapon_alyxgun.cpp
         weapon_annabelle.cpp
         weapon_ar2.cpp
         weapon_bugbait.cpp
         Generating Code...
         Compiling...
         weapon_citizenpackage.cpp
         weapon_crossbow.cpp
         weapon_crowbar.cpp
         weapon_cubemap.cpp
         weapon_frag.cpp
         weapon_physcannon.cpp
         weapon_pistol.cpp
         weapon_rpg.cpp
         weapon_shotgun.cpp
         weapon_smg1.cpp
         weapon_striderbuster.cpp
         weapon_stunstick.cpp
         grenade_beam.cpp
         grenade_homer.cpp
         grenade_pathfollower.cpp
         npc_missiledefense.cpp
         vehicle_apc.cpp
         weapon_cguard.cpp
         weapon_flaregun.cpp
         entity_tools_server.cpp
         Generating Code...
         Compiling...
         toolframework_server.cpp
         Generating Code...
         c:\Program Files (x86)\Microsoft Visual Studio 10.0\VC\bin\CL.exe /c /I..\..\common /I..\..\public /I..\..\public\tier0 /I..\..\public\tier1 /I.\ /I..\..\game\shared /I..\..\utils\common /I..\..\game\shared\hl2 /I..\..\game\shared\episodic /I.\hl2 /I.\episodic /Zi /nologo /W4 /WX- /O2 /Ob2 /Oi /Ot /Oy- /D WIN32 /D _WIN32 /D NDEBUG /D _WINDOWS /D _USRDLL /D _CRT_SECURE_NO_DEPRECATE /D _CRT_NONSTDC_NO_DEPRECATE /D GAME_DLL /D VECTOR /D VERSION_SAFE_STEAM_API_INTERFACES /D PROTECTED_THINGS_ENABLE /D fopen=dont_use_fopen /D sprintf=use_Q_snprintf_instead_of_sprintf /D strncpy=use_Q_strncpy_instead /D _snprintf=use_Q_snprintf_instead /D HL2_DLL /D HL2_EPISODIC /D SP_SDK /D USES_SAVERESTORE /D _WINDLL /D _MBCS /GF /Gm- /MT /GS- /Gy /fp:fast /Zc:wchar_t /Zc:forScope /GR /Fo".\Release_episodic\\" /Fd".\Release_episodic\vc100.pdb" /Gd /TP /analyze- /errorReport:prompt ..\..\public\bone_setup.cpp ..\..\public\collisionutils.cpp ..\..\public\dt_send.cpp ..\..\public\dt_utlvector_common.cpp ..\..\public\dt_utlvector_send.cpp ..\..\public\editor_sendcommand.cpp ..\..\public\filesystem_helpers.cpp gamehandle.cpp GameStats_BasicStatsFunctions.cpp h_export.cpp init_factory.cpp ..\..\public\interpolatortypes.cpp ..\shared\interval.cpp ..\..\public\keyframe\keyframe.cpp ..\..\public\map_utils.cpp ..\..\public\tier0\memoverride.cpp ..\..\public\networkvar.cpp ..\..\common\randoverride.cpp ..\..\public\registry.cpp ..\..\public\rope_physics.cpp ..\..\public\scratchpad3d.cpp ..\..\public\ScratchPadUtils.cpp ..\..\public\server_class.cpp ..\shared\sheetsimulator.cpp ..\..\public\simple_physics.cpp ..\..\public\stringregistry.cpp ..\..\public\studio.cpp episodic\ep1_gamestats.cpp episodic\ep2_gamestats.cpp
         bone_setup.cpp
         collisionutils.cpp
         dt_send.cpp
         dt_utlvector_common.cpp
         dt_utlvector_send.cpp
         editor_sendcommand.cpp
         filesystem_helpers.cpp
         gamehandle.cpp
         GameStats_BasicStatsFunctions.cpp
         h_export.cpp
         init_factory.cpp
         interpolatortypes.cpp
         interval.cpp
         keyframe.cpp
         map_utils.cpp
         memoverride.cpp
         networkvar.cpp
         randoverride.cpp
         registry.cpp
         rope_physics.cpp
         Generating Code...
         Compiling...
         scratchpad3d.cpp
         ScratchPadUtils.cpp
         server_class.cpp
         sheetsimulator.cpp
         simple_physics.cpp
         stringregistry.cpp
         studio.cpp
         ep1_gamestats.cpp
         ep2_gamestats.cpp
         Generating Code...
       Link:
         c:\Program Files (x86)\Microsoft Visual Studio 10.0\VC\bin\link.exe /ERRORREPORT:PROMPT /OUT:".\Release_episodic\Server.dll" /INCREMENTAL:NO /NOLOGO /LIBPATH:..\..\lib\common /LIBPATH:..\..\lib\public winmm.lib kernel32.lib user32.lib gdi32.lib winspool.lib comdlg32.lib advapi32.lib shell32.lib ole32.lib oleaut32.lib uuid.lib odbc32.lib odbccp32.lib /NODEFAULTLIB:libc /NODEFAULTLIB:libcd /NODEFAULTLIB:libcmtd /MANIFEST:NO /DEBUG /PDB:".\Release_episodic\server.pdb" /MAP:".\Release_episodic\server.map" /SUBSYSTEM:WINDOWS /OPT:REF /OPT:ICF /TLBID:1 /DYNAMICBASE /NXCOMPAT /IMPLIB:".\Release_episodic\server.lib" /MACHINE:X86 /DLL .\Release_episodic\achievement_saverestore.obj
         .\Release_episodic\achievementmgr.obj
         .\Release_episodic\achievements_hlx.obj
         .\Release_episodic\activitylist.obj
         .\Release_episodic\ai_activity.obj
         .\Release_episodic\ai_baseactor.obj
         .\Release_episodic\ai_basehumanoid.obj
         .\Release_episodic\ai_basenpc.obj
         .\Release_episodic\ai_basenpc_flyer.obj
         .\Release_episodic\ai_basenpc_flyer_new.obj
         .\Release_episodic\ai_basenpc_movement.obj
         .\Release_episodic\ai_basenpc_physicsflyer.obj
         .\Release_episodic\ai_basenpc_schedule.obj
         .\Release_episodic\ai_basenpc_squad.obj
         .\Release_episodic\ai_behavior.obj
         .\Release_episodic\ai_behavior_assault.obj
         .\Release_episodic\ai_behavior_fear.obj
         .\Release_episodic\ai_behavior_follow.obj
         .\Release_episodic\ai_behavior_lead.obj
         .\Release_episodic\ai_behavior_rappel.obj
         .\Release_episodic\ai_behavior_standoff.obj
         .\Release_episodic\ai_blended_movement.obj
         .\Release_episodic\ai_concommands.obj
         .\Release_episodic\ai_condition.obj
         .\Release_episodic\AI_Criteria.obj
         .\Release_episodic\ai_default.obj
         .\Release_episodic\ai_dynamiclink.obj
         .\Release_episodic\ai_event.obj
         .\Release_episodic\ai_eventresponse.obj
         .\Release_episodic\ai_goalentity.obj
         .\Release_episodic\ai_hint.obj
         .\Release_episodic\ai_hull.obj
         .\Release_episodic\ai_initutils.obj
         .\Release_episodic\AI_Interest_Target.obj
         .\Release_episodic\ai_link.obj
         .\Release_episodic\ai_localnavigator.obj
         .\Release_episodic\ai_looktarget.obj
         .\Release_episodic\ai_memory.obj
         .\Release_episodic\ai_motor.obj
         .\Release_episodic\ai_moveprobe.obj
         .\Release_episodic\ai_moveshoot.obj
         .\Release_episodic\ai_movesolver.obj
         .\Release_episodic\ai_namespaces.obj
         .\Release_episodic\ai_navigator.obj
         .\Release_episodic\ai_network.obj
         .\Release_episodic\ai_networkmanager.obj
         .\Release_episodic\ai_node.obj
         .\Release_episodic\ai_pathfinder.obj
         .\Release_episodic\ai_planesolver.obj
         .\Release_episodic\ai_playerally.obj
         .\Release_episodic\ai_relationship.obj
         .\Release_episodic\AI_ResponseSystem.obj
         .\Release_episodic\ai_route.obj
         .\Release_episodic\ai_saverestore.obj
         .\Release_episodic\ai_schedule.obj
         .\Release_episodic\ai_scriptconditions.obj
         .\Release_episodic\ai_senses.obj
         .\Release_episodic\ai_sentence.obj
         .\Release_episodic\ai_speech.obj
         .\Release_episodic\ai_speechfilter.obj
         .\Release_episodic\ai_squad.obj
         .\Release_episodic\ai_squadslot.obj
         .\Release_episodic\ai_tacticalservices.obj
         .\Release_episodic\ai_task.obj
         .\Release_episodic\ai_trackpather.obj
         .\Release_episodic\ai_utils.obj
         .\Release_episodic\ai_waypoint.obj
         .\Release_episodic\ammodef.obj
         .\Release_episodic\animation.obj
         .\Release_episodic\base_gameinterface.obj
         .\Release_episodic\base_playeranimstate.obj
         .\Release_episodic\base_transmit_proxy.obj
         .\Release_episodic\baseachievement.obj
         .\Release_episodic\baseanimating.obj
         .\Release_episodic\BaseAnimatingOverlay.obj
         .\Release_episodic\basecombatcharacter.obj
         .\Release_episodic\basecombatcharacter_shared.obj
         .\Release_episodic\basecombatweapon.obj
         .\Release_episodic\basecombatweapon_shared.obj
         .\Release_episodic\baseentity.obj
         .\Release_episodic\baseentity_shared.obj
         .\Release_episodic\baseflex.obj
         .\Release_episodic\basegrenade_concussion.obj
         .\Release_episodic\basegrenade_contact.obj
         .\Release_episodic\basegrenade_shared.obj
         .\Release_episodic\basegrenade_timed.obj
         .\Release_episodic\basemultiplayerplayer.obj
         .\Release_episodic\baseparticleentity.obj
         .\Release_episodic\baseplayer_shared.obj
         .\Release_episodic\baseviewmodel.obj
         .\Release_episodic\baseviewmodel_shared.obj
         .\Release_episodic\beam_shared.obj
         .\Release_episodic\bitstring.obj
         .\Release_episodic\bmodels.obj
         .\Release_episodic\bone_setup.obj
         .\Release_episodic\buttons.obj
         .\Release_episodic\cbase.obj
         .\Release_episodic\client.obj
         .\Release_episodic\collisionproperty.obj
         .\Release_episodic\collisionutils.obj
         .\Release_episodic\colorcorrection.obj
         .\Release_episodic\colorcorrectionvolume.obj
         .\Release_episodic\CommentarySystem.obj
         .\Release_episodic\controlentities.obj
         .\Release_episodic\cplane.obj
         .\Release_episodic\CRagdollMagnet.obj
         .\Release_episodic\damagemodifier.obj
         .\Release_episodic\death_pose.obj
         .\Release_episodic\debugoverlay_shared.obj
         .\Release_episodic\decals.obj
         .\Release_episodic\doors.obj
         .\Release_episodic\dt_send.obj
         .\Release_episodic\dt_utlvector_common.obj
         .\Release_episodic\dt_utlvector_send.obj
         .\Release_episodic\dynamiclight.obj
         .\Release_episodic\editor_sendcommand.obj
         .\Release_episodic\effect_dispatch_data.obj
         .\Release_episodic\effects.obj
         .\Release_episodic\EffectsServer.obj
         .\Release_episodic\ehandle.obj
         .\Release_episodic\entityblocker.obj
         .\Release_episodic\EntityDissolve.obj
         .\Release_episodic\EntityFlame.obj
         .\Release_episodic\entitylist.obj
         .\Release_episodic\entitylist_base.obj
         .\Release_episodic\EntityParticleTrail.obj
         .\Release_episodic\EntityParticleTrail_Shared.obj
         .\Release_episodic\env_debughistory.obj
         .\Release_episodic\env_detail_controller.obj
         .\Release_episodic\env_effectsscript.obj
         .\Release_episodic\env_entity_maker.obj
         .\Release_episodic\env_particlescript.obj
         .\Release_episodic\env_player_surface_trigger.obj
         .\Release_episodic\env_projectedtexture.obj
         .\Release_episodic\env_screenoverlay.obj
         .\Release_episodic\env_texturetoggle.obj
         .\Release_episodic\env_tonemap_controller.obj
         .\Release_episodic\env_wind_shared.obj
         .\Release_episodic\env_zoom.obj
         .\Release_episodic\EnvBeam.obj
         .\Release_episodic\EnvFade.obj
         .\Release_episodic\EnvHudHint.obj
         .\Release_episodic\EnvLaser.obj
         .\Release_episodic\EnvMessage.obj
         .\Release_episodic\envmicrophone.obj
         .\Release_episodic\EnvShake.obj
         .\Release_episodic\EnvSpark.obj
         .\Release_episodic\eventlist.obj
         .\Release_episodic\EventLog.obj
         .\Release_episodic\explode.obj
         .\Release_episodic\filesystem_helpers.obj
         .\Release_episodic\filters.obj
         .\Release_episodic\fire.obj
         .\Release_episodic\fire_smoke.obj
         .\Release_episodic\fish.obj
         .\Release_episodic\fogcontroller.obj
         .\Release_episodic\fourwheelvehiclephysics.obj
         .\Release_episodic\func_areaportal.obj
         .\Release_episodic\func_areaportalbase.obj
         .\Release_episodic\func_areaportalwindow.obj
         .\Release_episodic\func_break.obj
         .\Release_episodic\func_breakablesurf.obj
         .\Release_episodic\func_dust.obj
         .\Release_episodic\func_ladder.obj
         .\Release_episodic\func_ladder_endpoint.obj
         .\Release_episodic\func_lod.obj
         .\Release_episodic\func_movelinear.obj
         .\Release_episodic\func_occluder.obj
         .\Release_episodic\func_reflective_glass.obj
         .\Release_episodic\func_smokevolume.obj
         .\Release_episodic\game.obj
         .\Release_episodic\game_ui.obj
         .\Release_episodic\gamehandle.obj
         .\Release_episodic\gameinterface.obj
         .\Release_episodic\gamemovement.obj
         .\Release_episodic\gamerules.obj
         .\Release_episodic\gamerules_register.obj
         .\Release_episodic\GameStats.obj
         .\Release_episodic\GameStats_BasicStatsFunctions.obj
         .\Release_episodic\gamestringpool.obj
         .\Release_episodic\gametrace_dll.obj
         .\Release_episodic\gamevars_shared.obj
         .\Release_episodic\gameweaponmanager.obj
         .\Release_episodic\genericactor.obj
         .\Release_episodic\genericmonster.obj
         .\Release_episodic\gib.obj
         .\Release_episodic\globals.obj
         .\Release_episodic\globalstate.obj
         .\Release_episodic\grenadethrown.obj
         .\Release_episodic\guntarget.obj
         .\Release_episodic\h_ai.obj
         .\Release_episodic\h_cycler.obj
         .\Release_episodic\h_export.obj
         .\Release_episodic\hierarchy.obj
         .\Release_episodic\hintmessage.obj
         .\Release_episodic\hintsystem.obj
         .\Release_episodic\hltvdirector.obj
         .\Release_episodic\igamesystem.obj
         .\Release_episodic\info_camera_link.obj
         .\Release_episodic\info_overlay_accessor.obj
         .\Release_episodic\init_factory.obj
         .\Release_episodic\intermission.obj
         .\Release_episodic\interpolatortypes.obj
         .\Release_episodic\interval.obj
         .\Release_episodic\item_world.obj
         .\Release_episodic\keyframe.obj
         .\Release_episodic\lightglow.obj
         .\Release_episodic\lights.obj
         .\Release_episodic\logic_achievement.obj
         .\Release_episodic\logic_measure_movement.obj
         .\Release_episodic\logic_navigation.obj
         .\Release_episodic\logicauto.obj
         .\Release_episodic\logicentities.obj
         .\Release_episodic\logicrelay.obj
         .\Release_episodic\map_utils.obj
         .\Release_episodic\mapentities.obj
         .\Release_episodic\mapentities_shared.obj
         .\Release_episodic\maprules.obj
         .\Release_episodic\MaterialModifyControl.obj
         .\Release_episodic\memoverride.obj
         .\Release_episodic\message_entity.obj
         .\Release_episodic\modelentities.obj
         .\Release_episodic\ModelSoundsCache.obj
         .\Release_episodic\monstermaker.obj
         .\Release_episodic\movehelper_server.obj
         .\Release_episodic\movement.obj
         .\Release_episodic\movevars_shared.obj
         .\Release_episodic\mp_shareddefs.obj
         .\Release_episodic\multiplay_gamerules.obj
         .\Release_episodic\nav_area.obj
         .\Release_episodic\nav_colors.obj
         .\Release_episodic\nav_edit.obj
         .\Release_episodic\nav_file.obj
         .\Release_episodic\nav_generate.obj
         .\Release_episodic\nav_ladder.obj
         .\Release_episodic\nav_mesh.obj
         .\Release_episodic\nav_node.obj
         .\Release_episodic\ndebugoverlay.obj
         .\Release_episodic\networkvar.obj
         .\Release_episodic\npc_vehicledriver.obj
         .\Release_episodic\obstacle_pushaway.obj
         .\Release_episodic\particle_light.obj
         .\Release_episodic\particle_parse.obj
         .\Release_episodic\particle_system.obj
         .\Release_episodic\particlesystemquery.obj
         .\Release_episodic\pathcorner.obj
         .\Release_episodic\pathtrack.obj
         .\Release_episodic\phys_controller.obj
         .\Release_episodic\physconstraint.obj
         .\Release_episodic\physics.obj
         .\Release_episodic\physics_bone_follower.obj
         .\Release_episodic\physics_cannister.obj
         .\Release_episodic\physics_fx.obj
         .\Release_episodic\physics_impact_damage.obj
         .\Release_episodic\physics_main.obj
         .\Release_episodic\physics_main_shared.obj
         .\Release_episodic\physics_npc_solver.obj
         .\Release_episodic\physics_prop_ragdoll.obj
         .\Release_episodic\physics_saverestore.obj
         .\Release_episodic\physics_shared.obj
         .\Release_episodic\physobj.obj
         .\Release_episodic\player.obj
         .\Release_episodic\player_command.obj
         .\Release_episodic\player_lagcompensation.obj
         .\Release_episodic\player_pickup.obj
         .\Release_episodic\player_resource.obj
         .\Release_episodic\playerinfomanager.obj
         .\Release_episodic\playerlocaldata.obj
         .\Release_episodic\plugin_check.obj
         .\Release_episodic\point_bonusmaps_accessor.obj
         .\Release_episodic\point_camera.obj
         .\Release_episodic\point_devshot_camera.obj
         .\Release_episodic\point_playermoveconstraint.obj
         .\Release_episodic\point_posecontroller.obj
         .\Release_episodic\point_spotlight.obj
         .\Release_episodic\point_template.obj
         .\Release_episodic\pointanglesensor.obj
         .\Release_episodic\PointAngularVelocitySensor.obj
         .\Release_episodic\pointhurt.obj
         .\Release_episodic\pointteleport.obj
         .\Release_episodic\precache_register.obj
         .\Release_episodic\predictableid.obj
         .\Release_episodic\props.obj
         .\Release_episodic\props_shared.obj
         .\Release_episodic\ragdoll_manager.obj
         .\Release_episodic\ragdoll_shared.obj
         .\Release_episodic\RagdollBoogie.obj
         .\Release_episodic\randoverride.obj
         .\Release_episodic\recipientfilter.obj
         .\Release_episodic\registry.obj
         .\Release_episodic\rope.obj
         .\Release_episodic\rope_helpers.obj
         .\Release_episodic\rope_physics.obj
         .\Release_episodic\saverestore.obj
         .\Release_episodic\saverestore_gamedll.obj
         .\Release_episodic\SceneCache.obj
         .\Release_episodic\sceneentity.obj
         .\Release_episodic\sceneentity_shared.obj
         .\Release_episodic\scratchpad3d.obj
         .\Release_episodic\scratchpad_gamedll_helpers.obj
         .\Release_episodic\ScratchPadUtils.obj
         .\Release_episodic\scripted.obj
         .\Release_episodic\scriptedtarget.obj
         .\Release_episodic\sendproxy.obj
         .\Release_episodic\sequence_Transitioner.obj
         .\Release_episodic\server_class.obj
         .\Release_episodic\serverbenchmark_base.obj
         .\Release_episodic\ServerNetworkProperty.obj
         .\Release_episodic\shadowcontrol.obj
         .\Release_episodic\sheetsimulator.obj
         .\Release_episodic\simple_physics.obj
         .\Release_episodic\simtimer.obj
         .\Release_episodic\singleplay_gamerules.obj
         .\Release_episodic\SkyCamera.obj
         .\Release_episodic\slideshow_display.obj
         .\Release_episodic\sound.obj
         .\Release_episodic\SoundEmitterSystem.obj
         .\Release_episodic\soundent.obj
         .\Release_episodic\soundenvelope.obj
         .\Release_episodic\SoundParametersInternal.obj
         .\Release_episodic\soundscape.obj
         .\Release_episodic\soundscape_system.obj
         .\Release_episodic\spotlightend.obj
         .\Release_episodic\Sprite.obj
         .\Release_episodic\sprite_perfmonitor.obj
         .\Release_episodic\stringregistry.obj
         .\Release_episodic\studio.obj
         .\Release_episodic\studio_shared.obj
         .\Release_episodic\subs.obj
         .\Release_episodic\sun.obj
         .\Release_episodic\survival_gamerules.obj
         .\Release_episodic\takedamageinfo.obj
         .\Release_episodic\tanktrain.obj
         .\Release_episodic\team.obj
         .\Release_episodic\team_spawnpoint.obj
         .\Release_episodic\teamplay_gamerules.obj
         .\Release_episodic\TemplateEntities.obj
         .\Release_episodic\tempmonster.obj
         .\Release_episodic\tesla.obj
         .\Release_episodic\test_ehandle.obj
         .\Release_episodic\test_proxytoggle.obj
         .\Release_episodic\test_stressentities.obj
         .\Release_episodic\testfunctions.obj
         .\Release_episodic\testtraceline.obj
         .\Release_episodic\textstatsmgr.obj
         .\Release_episodic\timedeventmgr.obj
         .\Release_episodic\trains.obj
         .\Release_episodic\triggers.obj
         .\Release_episodic\usercmd.obj
         .\Release_episodic\util.obj
         .\Release_episodic\util_shared.obj
         .\Release_episodic\variant_t.obj
         .\Release_episodic\vehicle_base.obj
         .\Release_episodic\vehicle_baseserver.obj
         .\Release_episodic\vehicle_choreo_generic.obj
         .\Release_episodic\vehicle_viewblend_shared.obj
         .\Release_episodic\vguiscreen.obj
         .\Release_episodic\voice_gamemgr.obj
         .\Release_episodic\waterbullet.obj
         .\Release_episodic\WaterLODControl.obj
         .\Release_episodic\wcedit.obj
         .\Release_episodic\weapon_parse.obj
         .\Release_episodic\weapon_parse_default.obj
         .\Release_episodic\weapon_proficiency.obj
         .\Release_episodic\weight_button.obj
         .\Release_episodic\world.obj
         .\Release_episodic\stdafx.obj
         .\Release_episodic\basetempentity.obj
         .\Release_episodic\event_tempentity_tester.obj
         .\Release_episodic\movie_explosion.obj
         .\Release_episodic\particle_fire.obj
         .\Release_episodic\particle_smokegrenade.obj
         .\Release_episodic\plasma.obj
         .\Release_episodic\smoke_trail.obj
         .\Release_episodic\smokestack.obj
         .\Release_episodic\SpriteTrail.obj
         .\Release_episodic\steamjet.obj
         .\Release_episodic\te.obj
         .\Release_episodic\te_armorricochet.obj
         .\Release_episodic\te_basebeam.obj
         .\Release_episodic\te_beamentpoint.obj
         .\Release_episodic\te_beaments.obj
         .\Release_episodic\te_beamfollow.obj
         .\Release_episodic\te_beamlaser.obj
         .\Release_episodic\te_beampoints.obj
         .\Release_episodic\te_beamring.obj
         .\Release_episodic\te_beamringpoint.obj
         .\Release_episodic\te_beamspline.obj
         .\Release_episodic\te_bloodsprite.obj
         .\Release_episodic\te_bloodstream.obj
         .\Release_episodic\te_breakmodel.obj
         .\Release_episodic\te_bspdecal.obj
         .\Release_episodic\te_bubbles.obj
         .\Release_episodic\te_bubbletrail.obj
         .\Release_episodic\te_clientprojectile.obj
         .\Release_episodic\te_decal.obj
         .\Release_episodic\te_dynamiclight.obj
         .\Release_episodic\te_effect_dispatch.obj
         .\Release_episodic\te_energysplash.obj
         .\Release_episodic\te_explosion.obj
         .\Release_episodic\te_fizz.obj
         .\Release_episodic\te_footprintdecal.obj
         .\Release_episodic\te_gaussexplosion.obj
         .\Release_episodic\te_glassshatter.obj
         .\Release_episodic\te_glowsprite.obj
         .\Release_episodic\te_impact.obj
         .\Release_episodic\te_killplayerattachments.obj
         .\Release_episodic\te_largefunnel.obj
         .\Release_episodic\te_muzzleflash.obj
         .\Release_episodic\te_particlesystem.obj
         .\Release_episodic\te_physicsprop.obj
         .\Release_episodic\te_playerdecal.obj
         .\Release_episodic\te_projecteddecal.obj
         .\Release_episodic\te_showline.obj
         .\Release_episodic\te_smoke.obj
         .\Release_episodic\te_sparks.obj
         .\Release_episodic\te_sprite.obj
         .\Release_episodic\te_spritespray.obj
         .\Release_episodic\te_worlddecal.obj
         .\Release_episodic\usermessages.obj
         .\Release_episodic\ai_allymanager.obj
         .\Release_episodic\ai_behavior_actbusy.obj
         .\Release_episodic\ai_behavior_alyx_injured.obj
         .\Release_episodic\ai_behavior_functank.obj
         .\Release_episodic\ai_behavior_holster.obj
         .\Release_episodic\ai_behavior_operator.obj
         .\Release_episodic\ai_behavior_passenger.obj
         .\Release_episodic\ai_behavior_passenger_companion.obj
         .\Release_episodic\ai_behavior_passenger_zombie.obj
         .\Release_episodic\ai_behavior_police.obj
         .\Release_episodic\ai_goal_police.obj
         .\Release_episodic\ai_spotlight.obj
         .\Release_episodic\antlion_dust.obj
         .\Release_episodic\antlion_maker.obj
         .\Release_episodic\ar2_explosion.obj
         .\Release_episodic\basebludgeonweapon.obj
         .\Release_episodic\basehlcombatweapon.obj
         .\Release_episodic\basehlcombatweapon_shared.obj
         .\Release_episodic\cbasehelicopter.obj
         .\Release_episodic\cbasespriteprojectile.obj
         .\Release_episodic\citadel_effects.obj
         .\Release_episodic\combine_mine.obj
         .\Release_episodic\env_alyxemp.obj
         .\Release_episodic\env_headcrabcanister.obj
         .\Release_episodic\env_headcrabcanister_shared.obj
         .\Release_episodic\env_speaker.obj
         .\Release_episodic\env_starfield.obj
         .\Release_episodic\ep1_gamestats.obj
         .\Release_episodic\ep2_gamestats.obj
         .\Release_episodic\func_bulletshield.obj
         .\Release_episodic\Func_Monitor.obj
         .\Release_episodic\func_recharge.obj
         .\Release_episodic\func_tank.obj
         .\Release_episodic\grenade_ar2.obj
         .\Release_episodic\grenade_bugbait.obj
         .\Release_episodic\grenade_frag.obj
         .\Release_episodic\grenade_spit.obj
         .\Release_episodic\hl2_ai_network.obj
         .\Release_episodic\hl2_client.obj
         .\Release_episodic\hl2_eventlog.obj
         .\Release_episodic\hl2_gamerules.obj
         .\Release_episodic\hl2_player.obj
         .\Release_episodic\hl2_playerlocaldata.obj
         .\Release_episodic\hl2_triggers.obj
         .\Release_episodic\hl2_usermessages.obj
         .\Release_episodic\hl_gamemovement.obj
         .\Release_episodic\hl_playermove.obj
         .\Release_episodic\info_darknessmode_lightsource.obj
         .\Release_episodic\info_teleporter_countdown.obj
         .\Release_episodic\item_ammo.obj
         .\Release_episodic\item_battery.obj
         .\Release_episodic\item_dynamic_resupply.obj
         .\Release_episodic\item_healthkit.obj
         .\Release_episodic\item_itemcrate.obj
         .\Release_episodic\item_suit.obj
         .\Release_episodic\look_door.obj
         .\Release_episodic\monster_dummy.obj
         .\Release_episodic\npc_advisor.obj
         .\Release_episodic\npc_alyx_episodic.obj
         .\Release_episodic\npc_antlion.obj
         .\Release_episodic\npc_antliongrub.obj
         .\Release_episodic\npc_antlionguard.obj
         .\Release_episodic\npc_apcdriver.obj
         .\Release_episodic\npc_attackchopper.obj
         .\Release_episodic\npc_barnacle.obj
         .\Release_episodic\npc_barney.obj
         .\Release_episodic\npc_basescanner.obj
         .\Release_episodic\npc_BaseZombie.obj
         .\Release_episodic\npc_breen.obj
         .\Release_episodic\npc_bullseye.obj
         .\Release_episodic\npc_citizen17.obj
         .\Release_episodic\npc_combine.obj
         .\Release_episodic\npc_combine_cannon.obj
         .\Release_episodic\npc_combinecamera.obj
         .\Release_episodic\npc_combinedropship.obj
         .\Release_episodic\npc_combinegunship.obj
         .\Release_episodic\npc_combines.obj
         .\Release_episodic\npc_cranedriver.obj
         .\Release_episodic\npc_crow.obj
         .\Release_episodic\npc_dog.obj
         .\Release_episodic\npc_eli.obj
         .\Release_episodic\npc_enemyfinder.obj
         .\Release_episodic\npc_fastzombie.obj
         .\Release_episodic\npc_fisherman.obj
         .\Release_episodic\npc_gman.obj
         .\Release_episodic\npc_headcrab.obj
         .\Release_episodic\npc_hunter.obj
         .\Release_episodic\npc_ichthyosaur.obj
         .\Release_episodic\npc_kleiner.obj
         .\Release_episodic\npc_launcher.obj
         .\Release_episodic\npc_magnusson.obj
         .\Release_episodic\npc_manhack.obj
         .\Release_episodic\npc_metropolice.obj
         .\Release_episodic\npc_monk.obj
         .\Release_episodic\npc_mossman.obj
         .\Release_episodic\npc_playercompanion.obj
         .\Release_episodic\npc_PoisonZombie.obj
         .\Release_episodic\npc_puppet.obj
         .\Release_episodic\npc_rollermine.obj
         .\Release_episodic\npc_scanner.obj
         .\Release_episodic\npc_stalker.obj
         .\Release_episodic\npc_strider.obj
         .\Release_episodic\npc_talker.obj
         .\Release_episodic\npc_turret_ceiling.obj
         .\Release_episodic\npc_turret_floor.obj
         .\Release_episodic\npc_turret_ground.obj
         .\Release_episodic\npc_vortigaunt_episodic.obj
         .\Release_episodic\npc_zombie.obj
         .\Release_episodic\npc_zombine.obj
         .\Release_episodic\point_apc_controller.obj
         .\Release_episodic\prop_combine_ball.obj
         .\Release_episodic\prop_scalable.obj
         .\Release_episodic\prop_thumper.obj
         .\Release_episodic\proto_sniper.obj
         .\Release_episodic\rotorwash.obj
         .\Release_episodic\script_intro.obj
         .\Release_episodic\script_intro_shared.obj
         .\Release_episodic\vehicle_airboat.obj
         .\Release_episodic\vehicle_cannon.obj
         .\Release_episodic\vehicle_crane.obj
         .\Release_episodic\vehicle_hl2buggy.obj
         .\Release_episodic\vehicle_jeep.obj
         .\Release_episodic\vehicle_jeep_episodic.obj
         .\Release_episodic\vehicle_prisoner_pod.obj
         .\Release_episodic\vehicle_viewcontroller.obj
         .\Release_episodic\weapon_357.obj
         .\Release_episodic\weapon_alyxgun.obj
         .\Release_episodic\weapon_annabelle.obj
         .\Release_episodic\weapon_ar2.obj
         .\Release_episodic\weapon_bugbait.obj
         .\Release_episodic\weapon_citizenpackage.obj
         .\Release_episodic\weapon_crossbow.obj
         .\Release_episodic\weapon_crowbar.obj
         .\Release_episodic\weapon_cubemap.obj
         .\Release_episodic\weapon_frag.obj
         .\Release_episodic\weapon_physcannon.obj
         .\Release_episodic\weapon_pistol.obj
         .\Release_episodic\weapon_rpg.obj
         .\Release_episodic\weapon_shotgun.obj
         .\Release_episodic\weapon_smg1.obj
         .\Release_episodic\weapon_striderbuster.obj
         .\Release_episodic\weapon_stunstick.obj
         .\Release_episodic\grenade_beam.obj
         .\Release_episodic\grenade_homer.obj
         .\Release_episodic\grenade_pathfollower.obj
         .\Release_episodic\npc_missiledefense.obj
         .\Release_episodic\vehicle_apc.obj
         .\Release_episodic\weapon_cguard.obj
         .\Release_episodic\weapon_flaregun.obj
         .\Release_episodic\entity_tools_server.obj
         .\Release_episodic\toolframework_server.obj
         ..\..\lib\public\choreoobjects.lib
         ..\..\lib\public\dmxloader.lib
         ..\..\lib\public\mathlib.lib
         ..\..\lib\public\Particles.lib
         ..\..\lib\public\steam_api.lib
         ..\..\lib\public\tier0.lib
         ..\..\lib\public\tier1.lib
         ..\..\lib\public\tier2.lib
         ..\..\lib\public\tier3.lib
         ..\..\lib\public\vstdlib.lib
            Creating library .\Release_episodic\server.lib and object .\Release_episodic\server.exp
         server_episodic-2005.vcxproj -> C:\Program Files (x86)\Steam\steamapps\sourcemods\HALFLIFE2SPMOD\src\game\server\.\Release_episodic\server.dll
       CustomBuildStep:
         Description: Copying to C:\Program Files (x86)\Steam\steamapps\SourceMods\20131113-2\bin\
         if exist "C:\Program Files (x86)\Steam\steamapps\SourceMods\20131113-2\bin\server.dll" attrib -r "C:\Program Files (x86)\Steam\steamapps\SourceMods\20131113-2\bin\server.dll"
         if exist "C:\Program Files (x86)\Steam\steamapps\sourcemods\HALFLIFE2SPMOD\src\game\server\Release_episodic\"server.dll copy "C:\Program Files (x86)\Steam\steamapps\sourcemods\HALFLIFE2SPMOD\src\game\server\Release_episodic\"server.dll "C:\Program Files (x86)\Steam\steamapps\SourceMods\20131113-2\bin\server.dll"
         if exist C:\Program Files (x86)\Steam\steamapps\SourceMods\20131113-2\bin\server.pdb attrib -r "C:\Program Files (x86)\Steam\steamapps\SourceMods\20131113-2\bin\server.pdb"
         if exist "C:\Program Files (x86)\Steam\steamapps\sourcemods\HALFLIFE2SPMOD\src\game\server\Release_episodic\"server.pdb copy "C:\Program Files (x86)\Steam\steamapps\sourcemods\HALFLIFE2SPMOD\src\game\server\Release_episodic\"server.pdb "C:\Program Files (x86)\Steam\steamapps\SourceMods\20131113-2\bin"
         
         :VCEnd
                 1 file(s) copied.
                 1 file(s) copied.
       FinalizeBuildStatus:
         Deleting file ".\Release_episodic\Server Episodic.unsuccessfulbuild".
         Touching ".\Release_episodic\Server Episodic.lastbuildstate".
     1>Done Building Project "C:\Program Files (x86)\Steam\steamapps\sourcemods\HALFLIFE2SPMOD\src\game\server\server_episodic-2005.vcxproj" (build target(s)).

Build succeeded.

Time Elapsed 00:04:13.89
